root_dir: /home/yh1488/NAS-189/home/Dataset/pop909_aligned/
# file: 86

[ 343.mid ]
# all notes: 1500, # melody: 420, # bridge: 146, # pred_melody: 359
acc(melody only): 0.5425742574257426
acc(melody + bridge): 0.5572390572390572

[ 449.mid ]
# all notes: 2063, # melody: 373, # bridge: 438, # pred_melody: 540
acc(melody only): 0.3770739064856712
acc(melody + bridge): 0.49944506104328523

[ 125.mid ]
# all notes: 2048, # melody: 342, # bridge: 435, # pred_melody: 536
acc(melody only): 0.3303030303030303
acc(melody + bridge): 0.5392731535756154

[ 573.mid ]
# all notes: 1568, # melody: 289, # bridge: 291, # pred_melody: 391
acc(melody only): 0.20141342756183744
acc(melody + bridge): 0.5124610591900312

[ 766.mid ]
# all notes: 1539, # melody: 315, # bridge: 329, # pred_melody: 549
acc(melody only): 0.48198970840480276
acc(melody + bridge): 0.6638772663877266

[ 052.mid ]
# all notes: 1138, # melody: 332, # bridge: 44, # pred_melody: 221
acc(melody only): 0.3790523690773067
acc(melody + bridge): 0.43855421686746987

[ 884.mid ]
# all notes: 1669, # melody: 254, # bridge: 315, # pred_melody: 392
acc(melody only): 0.1962962962962963
acc(melody + bridge): 0.3988355167394469

[ 290.mid ]
# all notes: 1128, # melody: 256, # bridge: 76, # pred_melody: 358
acc(melody only): 0.46190476190476193
acc(melody + bridge): 0.550561797752809

[ 877.mid ]
# all notes: 1395, # melody: 305, # bridge: 245, # pred_melody: 314
acc(melody only): 0.3059071729957806
acc(melody + bridge): 0.5026086956521739

[ 839.mid ]
# all notes: 1722, # melody: 347, # bridge: 368, # pred_melody: 514
acc(melody only): 0.5402504472271914
acc(melody + bridge): 0.672108843537415

[ 666.mid ]
# all notes: 1992, # melody: 370, # bridge: 394, # pred_melody: 495
acc(melody only): 0.25
acc(melody + bridge): 0.5639751552795031

[ 683.mid ]
# all notes: 2045, # melody: 300, # bridge: 611, # pred_melody: 642
acc(melody only): 0.256
acc(melody + bridge): 0.5686868686868687

[ 036.mid ]
# all notes: 1636, # melody: 428, # bridge: 203, # pred_melody: 382
acc(melody only): 0.3106796116504854
acc(melody + bridge): 0.4941002949852507

[ 091.mid ]
# all notes: 1384, # melody: 312, # bridge: 233, # pred_melody: 455
acc(melody only): 0.42830540037243947
acc(melody + bridge): 0.7667844522968198

[ 517.mid ]
# all notes: 1889, # melody: 325, # bridge: 343, # pred_melody: 449
acc(melody only): 0.3555166374781086
acc(melody + bridge): 0.618840579710145

[ 465.mid ]
# all notes: 1616, # melody: 360, # bridge: 142, # pred_melody: 516
acc(melody only): 0.46
acc(melody + bridge): 0.5494672754946728

[ 278.mid ]
# all notes: 1926, # melody: 409, # bridge: 299, # pred_melody: 317
acc(melody only): 0.4235294117647059
acc(melody + bridge): 0.31748071979434445

[ 726.mid ]
# all notes: 1294, # melody: 422, # bridge: 169, # pred_melody: 472
acc(melody only): 0.36906584992343033
acc(melody + bridge): 0.531700288184438

[ 439.mid ]
# all notes: 2044, # melody: 384, # bridge: 359, # pred_melody: 425
acc(melody only): 0.4143356643356643
acc(melody + bridge): 0.4691823899371069

[ 444.mid ]
# all notes: 1027, # melody: 190, # bridge: 212, # pred_melody: 299
acc(melody only): 0.300531914893617
acc(melody + bridge): 0.5239130434782608

[ 431.mid ]
# all notes: 1861, # melody: 300, # bridge: 294, # pred_melody: 541
acc(melody only): 0.4134453781512605
acc(melody + bridge): 0.7434715821812596

[ 660.mid ]
# all notes: 1514, # melody: 327, # bridge: 381, # pred_melody: 315
acc(melody only): 0.1423487544483986
acc(melody + bridge): 0.3425196850393701

[ 591.mid ]
# all notes: 1082, # melody: 232, # bridge: 46, # pred_melody: 319
acc(melody only): 0.4128205128205128
acc(melody + bridge): 0.4668304668304668

[ 583.mid ]
# all notes: 1248, # melody: 280, # bridge: 114, # pred_melody: 423
acc(melody only): 0.46153846153846156
acc(melody + bridge): 0.595703125

[ 692.mid ]
# all notes: 1814, # melody: 335, # bridge: 317, # pred_melody: 416
acc(melody only): 0.395910780669145
acc(melody + bridge): 0.5614035087719298

[ 596.mid ]
# all notes: 2421, # melody: 420, # bridge: 309, # pred_melody: 502
acc(melody only): 0.18814432989690721
acc(melody + bridge): 0.423121387283237

[ 521.mid ]
# all notes: 1669, # melody: 348, # bridge: 282, # pred_melody: 364
acc(melody only): 0.29690346083788705
acc(melody + bridge): 0.512937595129376

[ 629.mid ]
# all notes: 1671, # melody: 282, # bridge: 400, # pred_melody: 377
acc(melody only): 0.42332613390928725
acc(melody + bridge): 0.4831932773109244

[ 875.mid ]
# all notes: 1899, # melody: 316, # bridge: 346, # pred_melody: 438
acc(melody only): 0.3274647887323944
acc(melody + bridge): 0.5602836879432624

[ 551.mid ]
# all notes: 953, # melody: 212, # bridge: 180, # pred_melody: 237
acc(melody only): 0.3944099378881988
acc(melody + bridge): 0.4765258215962441

[ 303.mid ]
# all notes: 2075, # melody: 407, # bridge: 246, # pred_melody: 545
acc(melody only): 0.676056338028169
acc(melody + bridge): 0.6524137931034483

[ 687.mid ]
# all notes: 2161, # melody: 401, # bridge: 445, # pred_melody: 523
acc(melody only): 0.22060766182298547
acc(melody + bridge): 0.5313199105145414

[ 163.mid ]
# all notes: 1661, # melody: 220, # bridge: 153, # pred_melody: 410
acc(melody only): 0.30165289256198347
acc(melody + bridge): 0.5850202429149798

[ 600.mid ]
# all notes: 1343, # melody: 320, # bridge: 176, # pred_melody: 322
acc(melody only): 0.41721854304635764
acc(melody + bridge): 0.5318352059925093

[ 027.mid ]
# all notes: 1679, # melody: 328, # bridge: 136, # pred_melody: 467
acc(melody only): 0.5649606299212598
acc(melody + bridge): 0.75

[ 179.mid ]
# all notes: 1502, # melody: 293, # bridge: 38, # pred_melody: 442
acc(melody only): 0.5123456790123457
acc(melody + bridge): 0.518664047151277

[ 067.mid ]
# all notes: 1684, # melody: 345, # bridge: 198, # pred_melody: 425
acc(melody only): 0.6176470588235294
acc(melody + bridge): 0.6834782608695652

[ 748.mid ]
# all notes: 1325, # melody: 271, # bridge: 208, # pred_melody: 386
acc(melody only): 0.3245967741935484
acc(melody + bridge): 0.5309734513274337

[ 656.mid ]
# all notes: 1945, # melody: 426, # bridge: 498, # pred_melody: 389
acc(melody only): 0.39316239316239315
acc(melody + bridge): 0.3620331950207469

[ 205.mid ]
# all notes: 1616, # melody: 321, # bridge: 218, # pred_melody: 508
acc(melody only): 0.36348684210526316
acc(melody + bridge): 0.5673652694610778

[ 648.mid ]
# all notes: 1164, # melody: 235, # bridge: 224, # pred_melody: 250
acc(melody only): 0.40988372093023256
acc(melody + bridge): 0.505307855626327

[ 567.mid ]
# all notes: 1364, # melody: 252, # bridge: 209, # pred_melody: 227
acc(melody only): 0.09862385321100918
acc(melody + bridge): 0.24863883847549909

[ 610.mid ]
# all notes: 1528, # melody: 334, # bridge: 267, # pred_melody: 412
acc(melody only): 0.4048964218455744
acc(melody + bridge): 0.5952755905511811

[ 878.mid ]
# all notes: 1615, # melody: 252, # bridge: 280, # pred_melody: 408
acc(melody only): 0.43790849673202614
acc(melody + bridge): 0.5666666666666667

[ 870.mid ]
# all notes: 1931, # melody: 440, # bridge: 363, # pred_melody: 571
acc(melody only): 0.2994858611825193
acc(melody + bridge): 0.5525423728813559

[ 011.mid ]
# all notes: 1870, # melody: 414, # bridge: 304, # pred_melody: 545
acc(melody only): 0.240620957309185
acc(melody + bridge): 0.4287330316742081

[ 018.mid ]
# all notes: 1281, # melody: 209, # bridge: 179, # pred_melody: 271
acc(melody only): 0.37142857142857144
acc(melody + bridge): 0.5080091533180778

[ 048.mid ]
# all notes: 1098, # melody: 189, # bridge: 209, # pred_melody: 306
acc(melody only): 0.5091463414634146
acc(melody + bridge): 0.625866050808314

[ 378.mid ]
# all notes: 1323, # melody: 357, # bridge: 132, # pred_melody: 351
acc(melody only): 0.25309734513274335
acc(melody + bridge): 0.3570274636510501

[ 220.mid ]
# all notes: 1475, # melody: 294, # bridge: 93, # pred_melody: 223
acc(melody only): 0.034
acc(melody + bridge): 0.0990990990990991

[ 834.mid ]
# all notes: 1703, # melody: 441, # bridge: 457, # pred_melody: 420
acc(melody only): 0.40916530278232405
acc(melody + bridge): 0.4420131291028446

[ 077.mid ]
# all notes: 1955, # melody: 442, # bridge: 411, # pred_melody: 496
acc(melody only): 0.4020926756352765
acc(melody + bridge): 0.46471226927252984

[ 718.mid ]
# all notes: 1753, # melody: 431, # bridge: 308, # pred_melody: 536
acc(melody only): 0.42415316642120765
acc(melody + bridge): 0.5799256505576208

[ 106.mid ]
# all notes: 2215, # melody: 336, # bridge: 228, # pred_melody: 448
acc(melody only): 0.6164948453608248
acc(melody + bridge): 0.6727272727272727

[ 395.mid ]
# all notes: 2068, # melody: 408, # bridge: 446, # pred_melody: 501
acc(melody only): 0.2838983050847458
acc(melody + bridge): 0.44610458911419426

[ 492.mid ]
# all notes: 1946, # melody: 362, # bridge: 338, # pred_melody: 438
acc(melody only): 0.19760479041916168
acc(melody + bridge): 0.5092838196286472

[ 148.mid ]
# all notes: 1409, # melody: 368, # bridge: 123, # pred_melody: 649
acc(melody only): 0.25555555555555554
acc(melody + bridge): 0.314878892733564

[ 436.mid ]
# all notes: 1195, # melody: 312, # bridge: 202, # pred_melody: 194
acc(melody only): 0.1
acc(melody + bridge): 0.2620320855614973

[ 372.mid ]
# all notes: 1604, # melody: 374, # bridge: 248, # pred_melody: 409
acc(melody only): 0.3833922261484099
acc(melody + bridge): 0.498546511627907

[ 804.mid ]
# all notes: 1530, # melody: 270, # bridge: 235, # pred_melody: 378
acc(melody only): 0.37579617834394907
acc(melody + bridge): 0.46921797004991683

[ 664.mid ]
# all notes: 1711, # melody: 427, # bridge: 335, # pred_melody: 359
acc(melody only): 0.3390119250425894
acc(melody + bridge): 0.40476190476190477

[ 559.mid ]
# all notes: 1300, # melody: 211, # bridge: 237, # pred_melody: 373
acc(melody only): 0.37735849056603776
acc(melody + bridge): 0.6098039215686275

[ 784.mid ]
# all notes: 2204, # melody: 509, # bridge: 457, # pred_melody: 467
acc(melody only): 0.28252299605781866
acc(melody + bridge): 0.433

[ 161.mid ]
# all notes: 949, # melody: 241, # bridge: 129, # pred_melody: 346
acc(melody only): 0.3779342723004695
acc(melody + bridge): 0.5736263736263736

[ 313.mid ]
# all notes: 1478, # melody: 394, # bridge: 176, # pred_melody: 298
acc(melody only): 0.453781512605042
acc(melody + bridge): 0.4787052810902896

[ 177.mid ]
# all notes: 1866, # melody: 503, # bridge: 137, # pred_melody: 290
acc(melody only): 0.3532423208191126
acc(melody + bridge): 0.3616398243045388

[ 649.mid ]
# all notes: 1881, # melody: 399, # bridge: 337, # pred_melody: 327
acc(melody only): 0.3272394881170018
acc(melody + bridge): 0.3913612565445026

[ 322.mid ]
# all notes: 1631, # melody: 407, # bridge: 193, # pred_melody: 516
acc(melody only): 0.5081699346405228
acc(melody + bridge): 0.655786350148368

[ 548.mid ]
# all notes: 1690, # melody: 403, # bridge: 249, # pred_melody: 471
acc(melody only): 0.23796033994334279
acc(melody + bridge): 0.3042973286875726

[ 150.mid ]
# all notes: 1621, # melody: 401, # bridge: 188, # pred_melody: 475
acc(melody only): 0.6043956043956044
acc(melody + bridge): 0.6521739130434783

[ 737.mid ]
# all notes: 1697, # melody: 467, # bridge: 175, # pred_melody: 619
acc(melody only): 0.3660377358490566
acc(melody + bridge): 0.4461009174311927

[ 618.mid ]
# all notes: 1419, # melody: 318, # bridge: 214, # pred_melody: 329
acc(melody only): 0.4251101321585903
acc(melody + bridge): 0.4470588235294118

[ 214.mid ]
# all notes: 1884, # melody: 326, # bridge: 178, # pred_melody: 380
acc(melody only): 0.46473029045643155
acc(melody + bridge): 0.5059625212947189

[ 821.mid ]
# all notes: 1462, # melody: 390, # bridge: 243, # pred_melody: 306
acc(melody only): 0.392
acc(melody + bridge): 0.43797856049004597

[ 635.mid ]
# all notes: 2206, # melody: 423, # bridge: 406, # pred_melody: 506
acc(melody only): 0.38863976083707025
acc(melody + bridge): 0.46864686468646866

[ 828.mid ]
# all notes: 1768, # melody: 353, # bridge: 285, # pred_melody: 547
acc(melody only): 0.4634146341463415
acc(melody + bridge): 0.5863453815261044

[ 061.mid ]
# all notes: 1295, # melody: 312, # bridge: 133, # pred_melody: 318
acc(melody only): 0.4583333333333333
acc(melody + bridge): 0.5797101449275363

[ 190.mid ]
# all notes: 2454, # melody: 280, # bridge: 306, # pred_melody: 416
acc(melody only): 0.38095238095238093
acc(melody + bridge): 0.48005908419497784

[ 114.mid ]
# all notes: 1444, # melody: 287, # bridge: 149, # pred_melody: 427
acc(melody only): 0.45417515274949083
acc(melody + bridge): 0.6221804511278195

[ 545.mid ]
# all notes: 2392, # melody: 390, # bridge: 423, # pred_melody: 461
acc(melody only): 0.21225071225071226
acc(melody + bridge): 0.454337899543379

[ 467.mid ]
# all notes: 1885, # melody: 416, # bridge: 470, # pred_melody: 549
acc(melody only): 0.38848920863309355
acc(melody + bridge): 0.49323621227887615

[ 284.mid ]
# all notes: 1852, # melody: 338, # bridge: 225, # pred_melody: 546
acc(melody only): 0.40540540540540543
acc(melody + bridge): 0.5488826815642458

[ 541.mid ]
# all notes: 1495, # melody: 325, # bridge: 231, # pred_melody: 422
acc(melody only): 0.4228571428571429
acc(melody + bridge): 0.5673076923076923

[ 445.mid ]
# all notes: 1593, # melody: 371, # bridge: 130, # pred_melody: 486
acc(melody only): 0.2848575712143928
acc(melody + bridge): 0.4472140762463343

[ 058.mid ]
# all notes: 1327, # melody: 255, # bridge: 117, # pred_melody: 292
acc(melody only): 0.3883248730964467
acc(melody + bridge): 0.4854586129753915

[ 842.mid ]
# all notes: 2300, # melody: 310, # bridge: 518, # pred_melody: 461
acc(melody only): 0.2722772277227723
acc(melody + bridge): 0.38008565310492504

avg_acc (melody only): 0.36195423159563594
avg_acc (melody & bridge): 0.5008202884681113